0 info it worked if it ends with ok
1 verbose cli [ '/usr/local/bin/node',
1 verbose cli   '/Users/matthewburfield/.node/bin/npm',
1 verbose cli   'publish' ]
2 info using npm@4.1.1
3 info using node@v6.9.2
4 verbose publish [ '.' ]
5 silly cache add args [ '.', null ]
6 verbose cache add spec .
7 silly cache add parsed spec Result {
7 silly cache add   raw: '.',
7 silly cache add   scope: null,
7 silly cache add   escapedName: null,
7 silly cache add   name: null,
7 silly cache add   rawSpec: '.',
7 silly cache add   spec: '/Users/matthewburfield/Development/FreeCodeCamp/random-dungeon-generator',
7 silly cache add   type: 'directory' }
8 verbose addLocalDirectory /Users/matthewburfield/.npm/random-dungeon-generator/1.0.30/package.tgz not in flight; packing
9 verbose correctMkdir /Users/matthewburfield/.npm correctMkdir not in flight; initializing
10 info lifecycle random-dungeon-generator@1.0.30~prepublish: random-dungeon-generator@1.0.30
11 silly lifecycle random-dungeon-generator@1.0.30~prepublish: no script for prepublish, continuing
12 info lifecycle random-dungeon-generator@1.0.30~prepare: random-dungeon-generator@1.0.30
13 silly lifecycle random-dungeon-generator@1.0.30~prepare: no script for prepare, continuing
14 verbose tar pack [ '/Users/matthewburfield/.npm/random-dungeon-generator/1.0.30/package.tgz',
14 verbose tar pack   '/Users/matthewburfield/Development/FreeCodeCamp/random-dungeon-generator' ]
15 verbose tarball /Users/matthewburfield/.npm/random-dungeon-generator/1.0.30/package.tgz
16 verbose folder /Users/matthewburfield/Development/FreeCodeCamp/random-dungeon-generator
17 verbose addLocalTarball adding from inside cache /Users/matthewburfield/.npm/random-dungeon-generator/1.0.30/package.tgz
18 verbose correctMkdir /Users/matthewburfield/.npm correctMkdir not in flight; initializing
19 silly cache afterAdd random-dungeon-generator@1.0.30
20 verbose afterAdd /Users/matthewburfield/.npm/random-dungeon-generator/1.0.30/package/package.json not in flight; writing
21 verbose correctMkdir /Users/matthewburfield/.npm correctMkdir not in flight; initializing
22 verbose afterAdd /Users/matthewburfield/.npm/random-dungeon-generator/1.0.30/package/package.json written
23 silly publish { name: 'random-dungeon-generator',
23 silly publish   version: '1.0.30',
23 silly publish   description: 'Generate a 2d array with random rooms',
23 silly publish   main: 'dist/index.js',
23 silly publish   scripts:
23 silly publish    { commit: 'git-cz',
23 silly publish      test: 'jest src/index.test.js --coverage',
23 silly publish      prebuild: 'rm -rf dist',
23 silly publish      build: 'npm-run-all --parallel build:*',
23 silly publish      'build:main': 'babel --copy-files --out-dir dist --ignore *.test.js src',
23 silly publish      'build:umd': 'webpack --output-filename index.umd.js',
23 silly publish      'build:umd.min': 'webpack --output-filename index.umd.min.js -p',
23 silly publish      'report-coverage': 'cat ./coverage/lcov.info | codecov',
23 silly publish      'semantic-release': 'semantic-release pre & npm publish && semantic-release post' },
23 silly publish   repository:
23 silly publish    { type: 'git',
23 silly publish      url: 'git+https://github.com/Matthew-Burfield/random-dungeon-generator.git' },
23 silly publish   keywords: [ 'JavaScript, Dungeon, Rogue, Like, Rogue-like, Generator, Free Code Camp, FCC' ],
23 silly publish   author:
23 silly publish    { name: 'Matthew Burfield',
23 silly publish      email: 'burfie@hotmail.com',
23 silly publish      url: 'https://matthew-burfield.github.io/' },
23 silly publish   license: 'MIT',
23 silly publish   bugs: { url: 'https://github.com/Matthew-Burfield/random-dungeon-generator/issues' },
23 silly publish   config:
23 silly publish    { commitizen: { path: 'node_modules/cz-conventional-changelog' },
23 silly publish      ghooks: { 'pre-commit': 'yarn test' } },
23 silly publish   homepage: 'https://github.com/Matthew-Burfield/random-dungeon-generator#readme',
23 silly publish   devDependencies:
23 silly publish    { 'babel-cli': '6.24.0',
23 silly publish      'babel-core': '^6.25.0',
23 silly publish      'babel-loader': '^7.1.1',
23 silly publish      'babel-preset-es2015': '6.24.0',
23 silly publish      'babel-preset-stage-2': '^6.24.1',
23 silly publish      'babel-register': '^6.24.1',
23 silly publish      'codecov.io': '^0.1.6',
23 silly publish      commitizen: '^2.9.6',
23 silly publish      'cz-conventional-changelog': '^2.0.0',
23 silly publish      eslint: '3.19.0',
23 silly publish      'eslint-config-airbnb-base': '11.2.0',
23 silly publish      'eslint-plugin-import': '2.6.1',
23 silly publish      'eslint-plugin-node': '5.1.0',
23 silly publish      'eslint-plugin-promise': '3.5.0',
23 silly publish      jest: '^20.0.4',
23 silly publish      'jest-cli': '^20.0.4',
23 silly publish      'npm-run-all': '^4.0.2',
23 silly publish      'semantic-release': '^6.3.6',
23 silly publish      webpack: '^3.0.0' },
23 silly publish   babel: { presets: [ 'es2015', 'stage-2' ] },
23 silly publish   jest:
23 silly publish    { testEnvironment: 'node',
23 silly publish      coverageThreshold: { global: [Object] } },
23 silly publish   readme: '###Random Dungeon Generator\n\nCreate a Random Dungeon using a procedural dungeon generator.\nBased on a BSP Tree algorithm [http://www.roguebasin.com/index.php?title=Basic_BSP_Dungeon_generation](http://www.roguebasin.com/index.php?title=Basic_BSP_Dungeon_generation)\n\n##Simplest Example\n\n```javascript\n// create new dungeon with default width, height, max and min room size\nconst dungeon = NewDungeon({});\n```\n\n```javascript\n// with options\nconst options = {\n    width: 50,\n    height 50,\n    minRoomSize: 5,\n    maxRoomSize: 20\n};\nconst dungeon = NewDungeon(options);\n```\n\nReturns a 2d array with the values:\n    "1" is a blocking/wall tile\n    Every other number denotes a different room. For example:\n\n```javascript\nconst dungeon = [\n    [1,1,1,1,1,1,1,1,1,1,1,1,1,1,1,1,1,1,1,1,1,1,1,1,1,]\n    [1,2,2,2,2,2,2,2,2,2,2,1,1,6,6,6,6,6,6,6,6,6,6,6,1,]\n    [1,2,2,2,2,2,2,2,2,2,2,1,1,6,6,6,6,6,6,6,6,6,6,6,1,]\n    [1,2,2,2,2,2,2,2,2,2,2,1,1,6,6,6,6,6,6,6,6,6,6,6,1,]\n    [1,2,2,2,2,2,2,2,2,2,2,1,1,6,6,6,6,6,6,6,6,6,6,6,1,]\n    [1,2,2,2,2,2,2,2,2,2,2,1,1,6,6,6,6,6,6,6,6,6,6,6,1,]\n    [1,2,2,2,2,2,2,2,2,2,2,1,1,6,6,6,6,6,6,6,6,6,6,6,1,]\n    [1,2,2,2,2,2,2,2,2,2,0,0,0,0,6,6,6,6,6,6,0,6,6,6,1,]\n    [1,2,2,2,2,2,2,2,2,2,2,1,1,1,1,1,1,1,1,1,0,1,1,0,0,]\n    [1,2,2,2,2,2,2,2,2,2,2,1,1,1,1,1,1,1,1,1,0,1,1,1,1,]\n    [1,2,2,2,2,2,2,2,2,2,2,1,1,7,7,7,7,7,7,7,0,7,7,7,1,]\n    [1,2,2,2,2,2,2,2,2,2,2,1,1,7,7,7,7,7,7,7,7,7,7,7,1,]\n    [1,2,2,2,2,2,2,2,2,2,2,1,1,7,7,7,7,7,7,7,7,7,7,7,1,]\n    [1,2,2,2,2,2,2,2,2,2,2,1,1,7,7,7,7,7,7,7,7,7,7,7,1,]\n    [1,2,2,2,2,2,2,2,2,2,2,1,1,7,7,7,7,7,7,7,7,7,7,7,1,]\n    [1,2,2,2,2,2,2,2,2,2,2,1,1,7,7,7,7,7,7,7,7,7,7,7,1,]\n    [1,2,2,2,2,2,2,2,2,2,2,1,1,7,7,7,7,7,7,7,7,7,7,7,1,]\n    [1,2,2,2,2,2,2,2,0,2,2,1,1,7,7,7,7,7,7,7,7,7,7,7,1,]\n    [1,1,1,1,1,1,1,1,0,1,1,1,1,7,7,7,7,7,7,7,7,7,7,7,1,]\n    [1,1,1,1,1,1,1,1,0,1,1,1,1,7,7,7,7,7,7,7,7,7,7,7,1,]\n    [1,3,3,3,3,3,3,3,0,3,3,1,1,7,7,7,7,7,7,7,7,7,7,7,1,]\n    [1,3,3,3,3,3,3,3,3,3,3,1,1,7,7,7,7,7,7,7,7,7,7,7,1,]\n    [1,3,3,3,3,3,3,3,3,3,3,1,1,7,7,7,7,7,7,7,7,7,7,7,1,]\n    [1,3,3,3,3,3,3,3,3,3,3,1,1,7,7,7,7,7,7,7,7,7,7,7,1,]\n    [1,3,3,3,3,3,3,3,3,3,3,1,1,7,7,7,7,7,7,7,7,7,7,7,1,]\n    [1,1,1,1,1,1,1,1,1,1,1,1,1,1,1,1,1,1,1,1,1,1,1,1,1,]\n];\n```\n\nHere, \n1. The 1\'s are walls (the borders of the rooms)\n2. The 0\'s are the corridors (the pathways that join the rooms)\n3. The other numbers (2, 3, 6, 7) represent different rooms. The numbers are arbitary, and just count upwards.\n\n',
23 silly publish   readmeFilename: 'README.md',
23 silly publish   gitHead: '256f63378d690f9a209de049d727a4fa32cf6f64',
23 silly publish   _id: 'random-dungeon-generator@1.0.30',
23 silly publish   _shasum: '94fb766c1fa377d5597f49425cb3034fe34fdcee',
23 silly publish   _from: '.' }
24 info lifecycle random-dungeon-generator@1.0.30~prepublishOnly: random-dungeon-generator@1.0.30
25 silly lifecycle random-dungeon-generator@1.0.30~prepublishOnly: no script for prepublishOnly, continuing
26 verbose getPublishConfig undefined
27 silly mapToRegistry name random-dungeon-generator
28 silly mapToRegistry using default registry
29 silly mapToRegistry registry https://registry.yarnpkg.com/
30 silly mapToRegistry data Result {
30 silly mapToRegistry   raw: 'random-dungeon-generator',
30 silly mapToRegistry   scope: null,
30 silly mapToRegistry   escapedName: 'random-dungeon-generator',
30 silly mapToRegistry   name: 'random-dungeon-generator',
30 silly mapToRegistry   rawSpec: '',
30 silly mapToRegistry   spec: 'latest',
30 silly mapToRegistry   type: 'tag' }
31 silly mapToRegistry uri https://registry.yarnpkg.com/random-dungeon-generator
32 verbose publish registryBase https://registry.yarnpkg.com/
33 silly publish uploading /Users/matthewburfield/.npm/random-dungeon-generator/1.0.30/package.tgz
34 verbose stack Error: auth required for publishing
34 verbose stack     at CachingRegistryClient.publish (/Users/matthewburfield/.node/lib/node_modules/npm/node_modules/npm-registry-client/lib/publish.js:30:14)
34 verbose stack     at /Users/matthewburfield/.node/lib/node_modules/npm/lib/publish.js:137:14
34 verbose stack     at mapToRegistry (/Users/matthewburfield/.node/lib/node_modules/npm/lib/utils/map-to-registry.js:62:3)
34 verbose stack     at publish_ (/Users/matthewburfield/.node/lib/node_modules/npm/lib/publish.js:108:3)
34 verbose stack     at Array.<anonymous> (/Users/matthewburfield/.node/lib/node_modules/npm/node_modules/slide/lib/bind-actor.js:15:8)
34 verbose stack     at LOOP (/Users/matthewburfield/.node/lib/node_modules/npm/node_modules/slide/lib/chain.js:15:14)
34 verbose stack     at /Users/matthewburfield/.node/lib/node_modules/npm/node_modules/slide/lib/chain.js:18:7
34 verbose stack     at done (/Users/matthewburfield/.node/lib/node_modules/npm/lib/utils/lifecycle.js:132:5)
34 verbose stack     at LOOP (/Users/matthewburfield/.node/lib/node_modules/npm/node_modules/slide/lib/chain.js:7:26)
34 verbose stack     at /Users/matthewburfield/.node/lib/node_modules/npm/node_modules/slide/lib/chain.js:18:7
35 verbose cwd /Users/matthewburfield/Development/FreeCodeCamp/random-dungeon-generator
36 error Darwin 16.6.0
37 error argv "/usr/local/bin/node" "/Users/matthewburfield/.node/bin/npm" "publish"
38 error node v6.9.2
39 error npm  v4.1.1
40 error code ENEEDAUTH
41 error need auth auth required for publishing
42 error need auth You need to authorize this machine using `npm adduser`
43 verbose exit [ 1, true ]
